Determining if the pthread_create exist failed with the following output:
Change Dir: /home/touchair/vio_ws/src/LARVIO/ros_wrapper/build/CMakeFiles/CMakeTmp

Run Build Command:"/usr/bin/make" "cmTC_f181e/fast"
/usr/bin/make -f CMakeFiles/cmTC_f181e.dir/build.make CMakeFiles/cmTC_f181e.dir/build
make[1]: Entering directory '/home/touchair/vio_ws/src/LARVIO/ros_wrapper/build/CMakeFiles/CMakeTmp'
Building C object CMakeFiles/cmTC_f181e.dir/CheckSymbolExists.c.o
/usr/bin/cc    -o CMakeFiles/cmTC_f181e.dir/CheckSymbolExists.c.o   -c /home/touchair/vio_ws/src/LARVIO/ros_wrapper/build/CMakeFiles/CMakeTmp/CheckSymbolExists.c
Linking C executable cmTC_f181e
/usr/local/bin/cmake -E cmake_link_script CMakeFiles/cmTC_f181e.dir/link.txt --verbose=1
/usr/bin/cc      -rdynamic CMakeFiles/cmTC_f181e.dir/CheckSymbolExists.c.o  -o cmTC_f181e 
CMakeFiles/cmTC_f181e.dir/CheckSymbolExists.c.o：在函数‘main’中：
CheckSymbolExists.c:(.text+0x16)：对‘pthread_create’未定义的引用
collect2: error: ld returned 1 exit status
CMakeFiles/cmTC_f181e.dir/build.make:86: recipe for target 'cmTC_f181e' failed
make[1]: *** [cmTC_f181e] Error 1
make[1]: Leaving directory '/home/touchair/vio_ws/src/LARVIO/ros_wrapper/build/CMakeFiles/CMakeTmp'
Makefile:121: recipe for target 'cmTC_f181e/fast' failed
make: *** [cmTC_f181e/fast] Error 2

File /home/touchair/vio_ws/src/LARVIO/ros_wrapper/build/CMakeFiles/CMakeTmp/CheckSymbolExists.c:
/* */
#include <pthread.h>

int main(int argc, char** argv)
{
  (void)argv;
#ifndef pthread_create
  return ((int*)(&pthread_create))[argc];
#else
  (void)argc;
  return 0;
#endif
}

Determining if the function pthread_create exists in the pthreads failed with the following output:
Change Dir: /home/touchair/vio_ws/src/LARVIO/ros_wrapper/build/CMakeFiles/CMakeTmp

Run Build Command:"/usr/bin/make" "cmTC_07545/fast"
/usr/bin/make -f CMakeFiles/cmTC_07545.dir/build.make CMakeFiles/cmTC_07545.dir/build
make[1]: Entering directory '/home/touchair/vio_ws/src/LARVIO/ros_wrapper/build/CMakeFiles/CMakeTmp'
Building C object CMakeFiles/cmTC_07545.dir/CheckFunctionExists.c.o
/usr/bin/cc   -DCHECK_FUNCTION_EXISTS=pthread_create   -o CMakeFiles/cmTC_07545.dir/CheckFunctionExists.c.o   -c /usr/local/share/cmake-3.12/Modules/CheckFunctionExists.c
Linking C executable cmTC_07545
/usr/local/bin/cmake -E cmake_link_script CMakeFiles/cmTC_07545.dir/link.txt --verbose=1
/usr/bin/cc  -DCHECK_FUNCTION_EXISTS=pthread_create    -rdynamic CMakeFiles/cmTC_07545.dir/CheckFunctionExists.c.o  -o cmTC_07545 -lpthreads 
/usr/bin/ld: 找不到 -lpthreads
collect2: error: ld returned 1 exit status
CMakeFiles/cmTC_07545.dir/build.make:86: recipe for target 'cmTC_07545' failed
make[1]: *** [cmTC_07545] Error 1
make[1]: Leaving directory '/home/touchair/vio_ws/src/LARVIO/ros_wrapper/build/CMakeFiles/CMakeTmp'
Makefile:121: recipe for target 'cmTC_07545/fast' failed
make: *** [cmTC_07545/fast] Error 2


